0 info it worked if it ends with ok
1 verbose cli [ '/src/nvm/v0.8.8/bin/node',
1 verbose cli   '/src/nvm/v0.8.8/bin/npm',
1 verbose cli   'publish' ]
2 info using npm@1.1.59
3 info using node@v0.8.8
4 verbose publish [ '.' ]
5 verbose read json /git/js/anvil/anvil.combiner/package.json
6 verbose cache add [ '.', null ]
7 silly cache add name=undefined spec="." args=[".",null]
8 verbose parsed url { pathname: '.', path: '.', href: '.' }
9 silly lockFile 3a52ce78- .
10 verbose lock . /Users/alex/.npm/3a52ce78-.lock
11 verbose read json package.json
12 verbose tar pack [ '/var/folders/1d/p2zgg8jd7716_93v7b1vz68m0000gn/T/npm-84513/1347990804056-0.021171755390241742/tmp.tgz',
12 verbose tar pack   '.' ]
13 verbose tarball /var/folders/1d/p2zgg8jd7716_93v7b1vz68m0000gn/T/npm-84513/1347990804056-0.021171755390241742/tmp.tgz
14 verbose folder .
15 info prepublish anvil.combiner@0.0.2
16 silly lockFile b93acc70-056-0-021171755390241742-tmp-tgz /var/folders/1d/p2zgg8jd7716_93v7b1vz68m0000gn/T/npm-84513/1347990804056-0.021171755390241742/tmp.tgz
17 verbose lock /var/folders/1d/p2zgg8jd7716_93v7b1vz68m0000gn/T/npm-84513/1347990804056-0.021171755390241742/tmp.tgz /Users/alex/.npm/b93acc70-056-0-021171755390241742-tmp-tgz.lock
18 silly lockFile b93acc70-056-0-021171755390241742-tmp-tgz /var/folders/1d/p2zgg8jd7716_93v7b1vz68m0000gn/T/npm-84513/1347990804056-0.021171755390241742/tmp.tgz
19 verbose tar unpack /var/folders/1d/p2zgg8jd7716_93v7b1vz68m0000gn/T/npm-84513/1347990804056-0.021171755390241742/tmp.tgz
20 silly lockFile 959fd022-056-0-021171755390241742-package /var/folders/1d/p2zgg8jd7716_93v7b1vz68m0000gn/T/npm-84513/1347990804056-0.021171755390241742/package
21 verbose lock /var/folders/1d/p2zgg8jd7716_93v7b1vz68m0000gn/T/npm-84513/1347990804056-0.021171755390241742/package /Users/alex/.npm/959fd022-056-0-021171755390241742-package.lock
22 silly gunzTarPerm modes [ '777', '666' ]
23 silly gunzTarPerm extractEntry package.json
24 silly gunzTarPerm modified mode [ 'package.json', 420, 438 ]
25 silly gunzTarPerm extractEntry .npmignore
26 silly gunzTarPerm modified mode [ '.npmignore', 420, 438 ]
27 silly gunzTarPerm extractEntry README.md
28 silly gunzTarPerm modified mode [ 'README.md', 420, 438 ]
29 silly gunzTarPerm extractEntry header.js
30 silly gunzTarPerm modified mode [ 'header.js', 420, 438 ]
31 silly gunzTarPerm extractEntry lib/combiner.js
32 silly gunzTarPerm modified mode [ 'lib/combiner.js', 420, 438 ]
33 silly gunzTarPerm extractEntry src/combiner.js
34 silly gunzTarPerm modified mode [ 'src/combiner.js', 420, 438 ]
35 verbose read json /var/folders/1d/p2zgg8jd7716_93v7b1vz68m0000gn/T/npm-84513/1347990804056-0.021171755390241742/package/package.json
36 silly lockFile 959fd022-056-0-021171755390241742-package /var/folders/1d/p2zgg8jd7716_93v7b1vz68m0000gn/T/npm-84513/1347990804056-0.021171755390241742/package
37 verbose from cache /var/folders/1d/p2zgg8jd7716_93v7b1vz68m0000gn/T/npm-84513/1347990804056-0.021171755390241742/package/package.json
38 verbose tar pack [ '/Users/alex/.npm/anvil.combiner/0.0.2/package.tgz',
38 verbose tar pack   '/var/folders/1d/p2zgg8jd7716_93v7b1vz68m0000gn/T/npm-84513/1347990804056-0.021171755390241742/package' ]
39 verbose tarball /Users/alex/.npm/anvil.combiner/0.0.2/package.tgz
40 verbose folder /var/folders/1d/p2zgg8jd7716_93v7b1vz68m0000gn/T/npm-84513/1347990804056-0.021171755390241742/package
41 silly lockFile fd3fbdf6-anvil-combiner-0-0-2-package-tgz /Users/alex/.npm/anvil.combiner/0.0.2/package.tgz
42 verbose lock /Users/alex/.npm/anvil.combiner/0.0.2/package.tgz /Users/alex/.npm/fd3fbdf6-anvil-combiner-0-0-2-package-tgz.lock
43 silly lockFile fd3fbdf6-anvil-combiner-0-0-2-package-tgz /Users/alex/.npm/anvil.combiner/0.0.2/package.tgz
44 silly lockFile 7d4b4c84-npm-anvil-combiner-0-0-2-package /Users/alex/.npm/anvil.combiner/0.0.2/package
45 verbose lock /Users/alex/.npm/anvil.combiner/0.0.2/package /Users/alex/.npm/7d4b4c84-npm-anvil-combiner-0-0-2-package.lock
46 silly lockFile 7d4b4c84-npm-anvil-combiner-0-0-2-package /Users/alex/.npm/anvil.combiner/0.0.2/package
47 verbose tar unpack /Users/alex/.npm/anvil.combiner/0.0.2/package.tgz
48 silly lockFile 7d4b4c84-npm-anvil-combiner-0-0-2-package /Users/alex/.npm/anvil.combiner/0.0.2/package
49 verbose lock /Users/alex/.npm/anvil.combiner/0.0.2/package /Users/alex/.npm/7d4b4c84-npm-anvil-combiner-0-0-2-package.lock
50 silly gunzTarPerm modes [ '777', '666' ]
51 silly gunzTarPerm extractEntry package.json
52 silly gunzTarPerm extractEntry .npmignore
53 silly gunzTarPerm extractEntry README.md
54 silly gunzTarPerm extractEntry header.js
55 silly gunzTarPerm extractEntry lib/combiner.js
56 silly gunzTarPerm extractEntry src/combiner.js
57 verbose read json /Users/alex/.npm/anvil.combiner/0.0.2/package/package.json
58 silly lockFile 7d4b4c84-npm-anvil-combiner-0-0-2-package /Users/alex/.npm/anvil.combiner/0.0.2/package
59 silly shasum updated bytes 2851
60 info shasum 6d3891d5c7787ee1f760e9d5c647fa1d7fda6d3c
60 info shasum /Users/alex/.npm/anvil.combiner/0.0.2/package.tgz
61 verbose from cache /Users/alex/.npm/anvil.combiner/0.0.2/package/package.json
62 verbose chmod /Users/alex/.npm/anvil.combiner/0.0.2/package.tgz 666
63 verbose chown /Users/alex/.npm/anvil.combiner/0.0.2/package.tgz [ 501, 20 ]
64 silly lockFile 3a52ce78- .
65 silly publish { author:
65 silly publish    { name: 'Alex Robson',
65 silly publish      email: 'alex@sharplearningcurve.com',
65 silly publish      url: 'http://sharplearningcurve.com' },
65 silly publish   name: 'anvil.combiner',
65 silly publish   description: 'An anvil core plugin that combines files via import statements',
65 silly publish   version: '0.0.2',
65 silly publish   repository:
65 silly publish    { type: 'git',
65 silly publish      url: 'git://github.com/arobson/anvil.combiner.git' },
65 silly publish   engines: { node: '~0.8.3' },
65 silly publish   main: './lib/combiner.js',
65 silly publish   devDependencies: { 'anvil.js': '>=0.8.5', should: '~1.1' },
65 silly publish   optionalDependencies: {},
65 silly publish   keywords: [ 'anvil', 'core' ],
65 silly publish   readme: '## Anvil Combiner Plugin\n\nThis plugin is a core component of anvil and is required to function as expected.\n\n## Installation\n\nanvil will install this plugin during post-install.',
65 silly publish   _id: 'anvil.combiner@0.0.2',
65 silly publish   dependencies: {},
65 silly publish   dist: { shasum: '6d3891d5c7787ee1f760e9d5c647fa1d7fda6d3c' } }
66 verbose url raw anvil.combiner
67 verbose url resolving [ 'https://registry.npmjs.org/', './anvil.combiner' ]
68 verbose url resolved https://registry.npmjs.org/anvil.combiner
69 info retry registry request attempt 1 at 12:53:25
70 http PUT https://registry.npmjs.org/anvil.combiner
71 http 409 https://registry.npmjs.org/anvil.combiner
72 verbose url raw anvil.combiner
73 verbose url resolving [ 'https://registry.npmjs.org/', './anvil.combiner' ]
74 verbose url resolved https://registry.npmjs.org/anvil.combiner
75 info retry registry request attempt 1 at 12:53:25
76 http GET https://registry.npmjs.org/anvil.combiner
77 http 200 https://registry.npmjs.org/anvil.combiner
78 error publish fail Cannot publish over existing version.
78 error publish fail Bump the 'version' field, set the --force flag, or
78 error publish fail     npm unpublish 'anvil.combiner@0.0.2'
78 error publish fail and try again
79 error System Darwin 11.4.0
80 error command "/src/nvm/v0.8.8/bin/node" "/src/nvm/v0.8.8/bin/npm" "publish"
81 error cwd /git/js/anvil/anvil.combiner
82 error node -v v0.8.8
83 error npm -v 1.1.59
84 error code EPUBLISHCONFLICT
85 verbose exit [ 1, true ]
